/* file: UHV_NAR.LST, automatically generated by GENTMS470.EXE, Version: 3.10
 * from: C:\PROGRAMME\ECLIPSE-CPP\ECLIPSE\WORKSPACE\UHV-NAR\MOD\MOD_OSEK_DYN\CFG\UHV_NAR.oil
 * at  : Thu Nov 10 09:24:19 2011
 * License 2400100185 for S1nn GmbH u. Co. KG, Infotainment and Connectivity
 * Implementation: TMS470R1
 */

       0,       --: res  RES_SCHEDULER
       1,       --: res  EEPROM_LAYOUT_LockResource
       2,       --: res  DEH_LockResource
       3,       --: res  POOL_LockResource
       4,       --: res  UART_LockResource
       5,       --: res  EEPROM_LockResource
       6,       10: task OsHostTask_10ms   E/N Stack: osTaskStack0
       7,       --: res  CK5050_WRITE_Resource
       8,        8: task OsAppTask_event_100ms   E/F Stack: osTaskStack1
       9,        7: task OsSystemTask_event   E/N Stack: osTaskStack2
      10,        4: task OsDriverTask_1ms   E/F Stack: osTaskStack3
      11,       --: res  CRC_LockResource
      12,        2: task OsMonitorTask_50ms   E/F Stack: osTaskStack4
      13,        1: task OsDatabaseTask_event   E/F Stack: osTaskStack5


Resources accessed by tasks:
Resource: CK5050_WRITE_Resource
   OsAppTask_event_100ms
Resource: EEPROM_LockResource
   OsHostTask_10ms
   OsAppTask_event_100ms
   OsDriverTask_1ms
   OsMonitorTask_50ms
   OsDatabaseTask_event
Resource: UART_LockResource
   OsHostTask_10ms
   OsAppTask_event_100ms
   OsSystemTask_event
   OsDriverTask_1ms
   OsMonitorTask_50ms
   OsDatabaseTask_event
Resource: CRC_LockResource
   OsMonitorTask_50ms
Resource: POOL_LockResource
   OsHostTask_10ms
   OsAppTask_event_100ms
   OsDriverTask_1ms
Resource: DEH_LockResource
   OsHostTask_10ms
   OsAppTask_event_100ms
   OsSystemTask_event
   OsDriverTask_1ms
   OsMonitorTask_50ms
   OsDatabaseTask_event
Resource: EEPROM_LAYOUT_LockResource
   OsHostTask_10ms
   OsAppTask_event_100ms
   OsSystemTask_event
   OsDriverTask_1ms
   OsMonitorTask_50ms
   OsDatabaseTask_event
Resource: RES_SCHEDULER
   OsHostTask_10ms
   OsAppTask_event_100ms
   OsSystemTask_event
   OsDriverTask_1ms
   OsMonitorTask_50ms
   OsDatabaseTask_event
